[2019-06-17 09:16:43] local.ERROR: No connection could be made because the target machine actively refused it. [tcp://127.0.0.1:6379] {"exception":"[object] (Predis\\Connection\\ConnectionException(code: 10061): No connection could be made because the target machine actively refused it. [tcp://127.0.0.1:6379] at D:\\project\\caocanhlinh\\vendor\\predis\\predis\\src\\Connection\\AbstractConnection.php:155)
[stacktrace]
#0 D:\\project\\caocanhlinh\\vendor\\predis\\predis\\src\\Connection\\StreamConnection.php(128): Predis\\Connection\\AbstractConnection->onConnectionError('No connection c...', 10061)
#1 D:\\project\\caocanhlinh\\vendor\\predis\\predis\\src\\Connection\\StreamConnection.php(178): Predis\\Connection\\StreamConnection->createStreamSocket(Object(Predis\\Connection\\Parameters), 'tcp://127.0.0.1...', 4)
#2 D:\\project\\caocanhlinh\\vendor\\predis\\predis\\src\\Connection\\StreamConnection.php(100): Predis\\Connection\\StreamConnection->tcpStreamInitializer(Object(Predis\\Connection\\Parameters))
#3 D:\\project\\caocanhlinh\\vendor\\predis\\predis\\src\\Connection\\AbstractConnection.php(81): Predis\\Connection\\StreamConnection->createResource()
#4 D:\\project\\caocanhlinh\\vendor\\predis\\predis\\src\\Connection\\StreamConnection.php(258): Predis\\Connection\\AbstractConnection->connect()
#5 D:\\project\\caocanhlinh\\vendor\\predis\\predis\\src\\Connection\\AbstractConnection.php(180): Predis\\Connection\\StreamConnection->connect()
#6 D:\\project\\caocanhlinh\\vendor\\predis\\predis\\src\\Connection\\StreamConnection.php(288): Predis\\Connection\\AbstractConnection->getResource()
#7 D:\\project\\caocanhlinh\\vendor\\predis\\predis\\src\\Connection\\StreamConnection.php(394): Predis\\Connection\\StreamConnection->write('*1\\
$7\\
FLUSHDB...')
#8 D:\\project\\caocanhlinh\\vendor\\predis\\predis\\src\\Connection\\AbstractConnection.php(110): Predis\\Connection\\StreamConnection->writeRequest(Object(Predis\\Command\\ServerFlushDatabase))
#9 D:\\project\\caocanhlinh\\vendor\\predis\\predis\\src\\Client.php(331): Predis\\Connection\\AbstractConnection->executeCommand(Object(Predis\\Command\\ServerFlushDatabase))
#10 D:\\project\\caocanhlinh\\vendor\\predis\\predis\\src\\Client.php(314): Predis\\Client->executeCommand(Object(Predis\\Command\\ServerFlushDatabase))
#11 D:\\project\\caocanhlinh\\vendor\\laravel\\framework\\src\\Illuminate\\Redis\\Connections\\Connection.php(114): Predis\\Client->__call('flushdb', Array)
#12 D:\\project\\caocanhlinh\\vendor\\laravel\\framework\\src\\Illuminate\\Redis\\Connections\\Connection.php(214): Illuminate\\Redis\\Connections\\Connection->command('flushdb', Array)
#13 D:\\project\\caocanhlinh\\vendor\\laravel\\framework\\src\\Illuminate\\Cache\\RedisStore.php(217): Illuminate\\Redis\\Connections\\Connection->__call('flushdb', Array)
#14 D:\\project\\caocanhlinh\\vendor\\laravel\\framework\\src\\Illuminate\\Cache\\Repository.php(640): Illuminate\\Cache\\RedisStore->flush()
#15 D:\\project\\caocanhlinh\\vendor\\laravel\\framework\\src\\Illuminate\\Cache\\Console\\ClearCommand.php(67): Illuminate\\Cache\\Repository->__call('flush', Array)
#16 [internal function]: Illuminate\\Cache\\Console\\ClearCommand->handle()
#17 D:\\project\\caocanhlinh\\vendor\\laravel\\framework\\src\\Illuminate\\Container\\BoundMethod.php(32): call_user_func_array(Array, Array)
#18 D:\\project\\caocanhlinh\\vendor\\laravel\\framework\\src\\Illuminate\\Container\\BoundMethod.php(90): Illuminate\\Container\\BoundMethod::Illuminate\\Container\\{closure}()
#19 D:\\project\\caocanhlinh\\vendor\\laravel\\framework\\src\\Illuminate\\Container\\BoundMethod.php(34): Illuminate\\Container\\BoundMethod::callBoundMethod(Object(Illuminate\\Foundation\\Application), Array, Object(Closure))
#20 D:\\project\\caocanhlinh\\vendor\\laravel\\framework\\src\\Illuminate\\Container\\Container.php(580): Illuminate\\Container\\BoundMethod::call(Object(Illuminate\\Foundation\\Application), Array, Array, NULL)
#21 D:\\project\\caocanhlinh\\vendor\\laravel\\framework\\src\\Illuminate\\Console\\Command.php(183): Illuminate\\Container\\Container->call(Array)
#22 D:\\project\\caocanhlinh\\vendor\\symfony\\console\\Command\\Command.php(255): Illuminate\\Console\\Command->execute(Object(Symfony\\Component\\Console\\Input\\ArgvInput), Object(Illuminate\\Console\\OutputStyle))
#23 D:\\project\\caocanhlinh\\vendor\\laravel\\framework\\src\\Illuminate\\Console\\Command.php(170): Symfony\\Component\\Console\\Command\\Command->run(Object(Symfony\\Component\\Console\\Input\\ArgvInput), Object(Illuminate\\Console\\OutputStyle))
#24 D:\\project\\caocanhlinh\\vendor\\symfony\\console\\Application.php(908): Illuminate\\Console\\Command->run(Object(Symfony\\Component\\Console\\Input\\ArgvInput), Object(Symfony\\Component\\Console\\Output\\ConsoleOutput))
#25 D:\\project\\caocanhlinh\\vendor\\symfony\\console\\Application.php(269): Symfony\\Component\\Console\\Application->doRunCommand(Object(Illuminate\\Cache\\Console\\ClearCommand), Object(Symfony\\Component\\Console\\Input\\ArgvInput), Object(Symfony\\Component\\Console\\Output\\ConsoleOutput))
#26 D:\\project\\caocanhlinh\\vendor\\symfony\\console\\Application.php(145): Symfony\\Component\\Console\\Application->doRun(Object(Symfony\\Component\\Console\\Input\\ArgvInput), Object(Symfony\\Component\\Console\\Output\\ConsoleOutput))
#27 D:\\project\\caocanhlinh\\vendor\\laravel\\framework\\src\\Illuminate\\Console\\Application.php(90): Symfony\\Component\\Console\\Application->run(Object(Symfony\\Component\\Console\\Input\\ArgvInput), Object(Symfony\\Component\\Console\\Output\\ConsoleOutput))
#28 D:\\project\\caocanhlinh\\vendor\\laravel\\framework\\src\\Illuminate\\Foundation\\Console\\Kernel.php(122): Illuminate\\Console\\Application->run(Object(Symfony\\Component\\Console\\Input\\ArgvInput), Object(Symfony\\Component\\Console\\Output\\ConsoleOutput))
#29 D:\\project\\caocanhlinh\\artisan(37): Illuminate\\Foundation\\Console\\Kernel->handle(Object(Symfony\\Component\\Console\\Input\\ArgvInput), Object(Symfony\\Component\\Console\\Output\\ConsoleOutput))
#30 {main}
"} 
[2019-06-17 09:22:33] local.ERROR: No connection could be made because the target machine actively refused it. [tcp://127.0.0.1:6379] {"exception":"[object] (Predis\\Connection\\ConnectionException(code: 10061): No connection could be made because the target machine actively refused it. [tcp://127.0.0.1:6379] at D:\\project\\caocanhlinh\\vendor\\predis\\predis\\src\\Connection\\AbstractConnection.php:155)
[stacktrace]
#0 D:\\project\\caocanhlinh\\vendor\\predis\\predis\\src\\Connection\\StreamConnection.php(128): Predis\\Connection\\AbstractConnection->onConnectionError('No connection c...', 10061)
#1 D:\\project\\caocanhlinh\\vendor\\predis\\predis\\src\\Connection\\StreamConnection.php(178): Predis\\Connection\\StreamConnection->createStreamSocket(Object(Predis\\Connection\\Parameters), 'tcp://127.0.0.1...', 4)
#2 D:\\project\\caocanhlinh\\vendor\\predis\\predis\\src\\Connection\\StreamConnection.php(100): Predis\\Connection\\StreamConnection->tcpStreamInitializer(Object(Predis\\Connection\\Parameters))
#3 D:\\project\\caocanhlinh\\vendor\\predis\\predis\\src\\Connection\\AbstractConnection.php(81): Predis\\Connection\\StreamConnection->createResource()
#4 D:\\project\\caocanhlinh\\vendor\\predis\\predis\\src\\Connection\\StreamConnection.php(258): Predis\\Connection\\AbstractConnection->connect()
#5 D:\\project\\caocanhlinh\\vendor\\predis\\predis\\src\\Connection\\AbstractConnection.php(180): Predis\\Connection\\StreamConnection->connect()
#6 D:\\project\\caocanhlinh\\vendor\\predis\\predis\\src\\Connection\\StreamConnection.php(288): Predis\\Connection\\AbstractConnection->getResource()
#7 D:\\project\\caocanhlinh\\vendor\\predis\\predis\\src\\Connection\\StreamConnection.php(394): Predis\\Connection\\StreamConnection->write('*1\\
$7\\
FLUSHDB...')
#8 D:\\project\\caocanhlinh\\vendor\\predis\\predis\\src\\Connection\\AbstractConnection.php(110): Predis\\Connection\\StreamConnection->writeRequest(Object(Predis\\Command\\ServerFlushDatabase))
#9 D:\\project\\caocanhlinh\\vendor\\predis\\predis\\src\\Client.php(331): Predis\\Connection\\AbstractConnection->executeCommand(Object(Predis\\Command\\ServerFlushDatabase))
#10 D:\\project\\caocanhlinh\\vendor\\predis\\predis\\src\\Client.php(314): Predis\\Client->executeCommand(Object(Predis\\Command\\ServerFlushDatabase))
#11 D:\\project\\caocanhlinh\\vendor\\laravel\\framework\\src\\Illuminate\\Redis\\Connections\\Connection.php(114): Predis\\Client->__call('flushdb', Array)
#12 D:\\project\\caocanhlinh\\vendor\\laravel\\framework\\src\\Illuminate\\Redis\\Connections\\Connection.php(214): Illuminate\\Redis\\Connections\\Connection->command('flushdb', Array)
#13 D:\\project\\caocanhlinh\\vendor\\laravel\\framework\\src\\Illuminate\\Cache\\RedisStore.php(217): Illuminate\\Redis\\Connections\\Connection->__call('flushdb', Array)
#14 D:\\project\\caocanhlinh\\vendor\\laravel\\framework\\src\\Illuminate\\Cache\\Repository.php(640): Illuminate\\Cache\\RedisStore->flush()
#15 D:\\project\\caocanhlinh\\vendor\\laravel\\framework\\src\\Illuminate\\Cache\\Console\\ClearCommand.php(67): Illuminate\\Cache\\Repository->__call('flush', Array)
#16 [internal function]: Illuminate\\Cache\\Console\\ClearCommand->handle()
#17 D:\\project\\caocanhlinh\\vendor\\laravel\\framework\\src\\Illuminate\\Container\\BoundMethod.php(32): call_user_func_array(Array, Array)
#18 D:\\project\\caocanhlinh\\vendor\\laravel\\framework\\src\\Illuminate\\Container\\BoundMethod.php(90): Illuminate\\Container\\BoundMethod::Illuminate\\Container\\{closure}()
#19 D:\\project\\caocanhlinh\\vendor\\laravel\\framework\\src\\Illuminate\\Container\\BoundMethod.php(34): Illuminate\\Container\\BoundMethod::callBoundMethod(Object(Illuminate\\Foundation\\Application), Array, Object(Closure))
#20 D:\\project\\caocanhlinh\\vendor\\laravel\\framework\\src\\Illuminate\\Container\\Container.php(580): Illuminate\\Container\\BoundMethod::call(Object(Illuminate\\Foundation\\Application), Array, Array, NULL)
#21 D:\\project\\caocanhlinh\\vendor\\laravel\\framework\\src\\Illuminate\\Console\\Command.php(183): Illuminate\\Container\\Container->call(Array)
#22 D:\\project\\caocanhlinh\\vendor\\symfony\\console\\Command\\Command.php(255): Illuminate\\Console\\Command->execute(Object(Symfony\\Component\\Console\\Input\\ArgvInput), Object(Illuminate\\Console\\OutputStyle))
#23 D:\\project\\caocanhlinh\\vendor\\laravel\\framework\\src\\Illuminate\\Console\\Command.php(170): Symfony\\Component\\Console\\Command\\Command->run(Object(Symfony\\Component\\Console\\Input\\ArgvInput), Object(Illuminate\\Console\\OutputStyle))
#24 D:\\project\\caocanhlinh\\vendor\\symfony\\console\\Application.php(908): Illuminate\\Console\\Command->run(Object(Symfony\\Component\\Console\\Input\\ArgvInput), Object(Symfony\\Component\\Console\\Output\\ConsoleOutput))
#25 D:\\project\\caocanhlinh\\vendor\\symfony\\console\\Application.php(269): Symfony\\Component\\Console\\Application->doRunCommand(Object(Illuminate\\Cache\\Console\\ClearCommand), Object(Symfony\\Component\\Console\\Input\\ArgvInput), Object(Symfony\\Component\\Console\\Output\\ConsoleOutput))
#26 D:\\project\\caocanhlinh\\vendor\\symfony\\console\\Application.php(145): Symfony\\Component\\Console\\Application->doRun(Object(Symfony\\Component\\Console\\Input\\ArgvInput), Object(Symfony\\Component\\Console\\Output\\ConsoleOutput))
#27 D:\\project\\caocanhlinh\\vendor\\laravel\\framework\\src\\Illuminate\\Console\\Application.php(90): Symfony\\Component\\Console\\Application->run(Object(Symfony\\Component\\Console\\Input\\ArgvInput), Object(Symfony\\Component\\Console\\Output\\ConsoleOutput))
#28 D:\\project\\caocanhlinh\\vendor\\laravel\\framework\\src\\Illuminate\\Foundation\\Console\\Kernel.php(122): Illuminate\\Console\\Application->run(Object(Symfony\\Component\\Console\\Input\\ArgvInput), Object(Symfony\\Component\\Console\\Output\\ConsoleOutput))
#29 D:\\project\\caocanhlinh\\artisan(37): Illuminate\\Foundation\\Console\\Kernel->handle(Object(Symfony\\Component\\Console\\Input\\ArgvInput), Object(Symfony\\Component\\Console\\Output\\ConsoleOutput))
#30 {main}
"} 
