[2019-07-11 10:10:28][JEumdJxUv8CZHvdR8gVpYiO4DAcYSktP] Processing: App\Events\ConfirmPosts
[2019-07-11 10:10:34][JEumdJxUv8CZHvdR8gVpYiO4DAcYSktP] Processed:  App\Events\ConfirmPosts
[2019-07-11 10:10:43][6S08gtMn8KBM66QpBQcgJCtoWbF9yA7p] Processing: App\Events\ConfirmPosts
[2019-07-11 10:10:44][6S08gtMn8KBM66QpBQcgJCtoWbF9yA7p] Processed:  App\Events\ConfirmPosts
[2019-07-11 10:13:37][xyR6snpoQKD7zvIYxjj8VEOR3RMRLDht] Processing: App\Events\ConfirmPosts
[2019-07-11 10:13:38][xyR6snpoQKD7zvIYxjj8VEOR3RMRLDht] Processed:  App\Events\ConfirmPosts
[2019-07-11 10:16:53][UYennek5rbe5Yi6dxEJq0Q1TeeDy0cBY] Processing: App\Events\ConfirmPosts
[2019-07-11 10:16:54][UYennek5rbe5Yi6dxEJq0Q1TeeDy0cBY] Processed:  App\Events\ConfirmPosts
[2019-07-11 10:51:44][fATDvLt9D31xJmFXkJMUKSgQbrYsA3Uw] Processing: App\Events\ConfirmPosts
[2019-07-11 10:51:45][fATDvLt9D31xJmFXkJMUKSgQbrYsA3Uw] Processed:  App\Events\ConfirmPosts
[2019-07-11 10:51:59][lZoaEz7hnQsM3SdOKKb4jVNvutzb6S4o] Processing: App\Events\ConfirmPosts
[2019-07-11 10:52:00][lZoaEz7hnQsM3SdOKKb4jVNvutzb6S4o] Processed:  App\Events\ConfirmPosts
[2019-07-11 14:13:47][CWEDAUyHdjcSNX99vDsL14K4naBvMmyP] Processing: App\Events\ConfirmPosts
[2019-07-11 14:13:48][CWEDAUyHdjcSNX99vDsL14K4naBvMmyP] Processed:  App\Events\ConfirmPosts
[2019-07-11 14:13:51][VhQROBs6pOrH1MELg4eBfTasDKXlhLBY] Processing: App\Events\ConfirmPosts
[2019-07-11 14:13:51][VhQROBs6pOrH1MELg4eBfTasDKXlhLBY] Processed:  App\Events\ConfirmPosts
[2019-07-11 14:43:40][f5yywpZbPYFlKXMHTXP9UAxlQsr1OIxf] Processing: App\Events\ConfirmPosts
[2019-07-11 14:43:41][f5yywpZbPYFlKXMHTXP9UAxlQsr1OIxf] Processed:  App\Events\ConfirmPosts
[2019-07-11 14:44:29][OmbHUM4LYnqOvJAjBxYN8aXx33WfWzUc] Processing: App\Events\ConfirmPosts
[2019-07-11 14:44:29][OmbHUM4LYnqOvJAjBxYN8aXx33WfWzUc] Processed:  App\Events\ConfirmPosts
[2019-07-11 14:52:00][04us8QDSY73Qn28ifuUbr4FbSgS1NmBc] Processing: App\Events\ConfirmPosts
[2019-07-11 14:52:00][04us8QDSY73Qn28ifuUbr4FbSgS1NmBc] Processed:  App\Events\ConfirmPosts
[2019-07-11 15:29:13][Ihr4ye5zRROV62dIuHPYJCT8XewJ4deA] Processing: App\Events\ConfirmPosts
[2019-07-11 15:29:13][Ihr4ye5zRROV62dIuHPYJCT8XewJ4deA] Processed:  App\Events\ConfirmPosts
[2019-07-11 15:40:03][4mzjxAdI9nIdv1hzBCxucDcnBYUZw6gm] Processing: App\Events\ConfirmPosts
[2019-07-11 15:40:04][4mzjxAdI9nIdv1hzBCxucDcnBYUZw6gm] Processed:  App\Events\ConfirmPosts
[2019-07-11 15:58:40][pMzF8JT5d97R5T6vQ39PwmQxIURpGzTp] Processing: App\Events\ConfirmPosts
[2019-07-11 15:58:40][pMzF8JT5d97R5T6vQ39PwmQxIURpGzTp] Processed:  App\Events\ConfirmPosts
[2019-07-11 15:59:07][woI13Rij1Q1zxBB5vFLHQZd5rv6GTdUV] Processing: App\Events\ConfirmPosts
[2019-07-11 15:59:07][woI13Rij1Q1zxBB5vFLHQZd5rv6GTdUV] Processed:  App\Events\ConfirmPosts
[2019-07-11 16:41:45][siLUvZ1mODb8TzgQaMbZccwat6MuppzN] Processing: App\Events\ConfirmPosts
[2019-07-11 16:41:45][siLUvZ1mODb8TzgQaMbZccwat6MuppzN] Processed:  App\Events\ConfirmPosts
[2019-07-11 16:42:02][mYfWUZ0vdhGBsFGgHa8fTyxj3LcYMSt0] Processing: App\Events\ConfirmPosts
[2019-07-11 16:42:02][mYfWUZ0vdhGBsFGgHa8fTyxj3LcYMSt0] Processed:  App\Events\ConfirmPosts
[2019-07-11 16:57:25][Sb90usp1jrTnfJoPcft3VqOqLpyHrYM2] Processing: App\Events\ConfirmPosts
[2019-07-11 16:57:26][Sb90usp1jrTnfJoPcft3VqOqLpyHrYM2] Processed:  App\Events\ConfirmPosts
[2019-07-12 09:30:56][F2NjxkfbRXpOAxVE7DQH7Jfnvb7NoNy8] Processing: App\Events\ConfirmPosts
[2019-07-12 09:31:03][F2NjxkfbRXpOAxVE7DQH7Jfnvb7NoNy8] Processed:  App\Events\ConfirmPosts
[2019-07-12 09:31:44][JLoGU0OGbrcur1K1aN3MydJR3hkdlRDi] Processing: App\Events\ConfirmPosts
[2019-07-12 09:31:45][JLoGU0OGbrcur1K1aN3MydJR3hkdlRDi] Processed:  App\Events\ConfirmPosts
[2019-07-12 09:47:29][Rfngc4DO3OVuBRf3KZGeE8BhSqUkXVDn] Processing: App\Events\ConfirmPosts
[2019-07-12 09:47:30][Rfngc4DO3OVuBRf3KZGeE8BhSqUkXVDn] Processed:  App\Events\ConfirmPosts
[2019-07-13 09:59:40][25rJuZqleluLZOPdvKZfUhDaDI9bV7Dt] Processing: App\Events\ConfirmPosts
[2019-07-13 09:59:46][25rJuZqleluLZOPdvKZfUhDaDI9bV7Dt] Processed:  App\Events\ConfirmPosts
[2019-07-13 09:59:58][NkPpxr9gtofVrVlMkK6NbSBXbwEmgJdn] Processing: App\Events\ConfirmPosts
[2019-07-13 09:59:59][NkPpxr9gtofVrVlMkK6NbSBXbwEmgJdn] Processed:  App\Events\ConfirmPosts
[2019-07-14 11:23:27][iRRy01CHeQb63lGiEeG2GRPWlfpDPfhA] Processing: App\Events\ConfirmPosts
[2019-07-14 11:23:33][iRRy01CHeQb63lGiEeG2GRPWlfpDPfhA] Processed:  App\Events\ConfirmPosts
[2019-07-14 11:23:45][zMLshOPv6IU3GnW16zBjVtBB0XARX2Mx] Processing: App\Events\ConfirmPosts
[2019-07-14 11:23:45][zMLshOPv6IU3GnW16zBjVtBB0XARX2Mx] Processed:  App\Events\ConfirmPosts
[2019-07-15 14:39:12][OTtJBFoBOKpAYeh5Fm4qsrJ9IsrLSJOK] Processing: App\Events\ConfirmPosts
[2019-07-15 14:39:13][OTtJBFoBOKpAYeh5Fm4qsrJ9IsrLSJOK] Processed:  App\Events\ConfirmPosts
[2019-07-16 16:31:14][W7z3AuWZZ98VZo36XIHiHGvFhgqcFVCS] Processing: App\Events\ConfirmPosts
[2019-07-16 16:31:20][W7z3AuWZZ98VZo36XIHiHGvFhgqcFVCS] Processed:  App\Events\ConfirmPosts
[2019-07-16 16:32:29][MkiqAn6h2vI1Xr0js2rd3np5AqwsDzGN] Processing: App\Events\ConfirmPosts
[2019-07-16 16:32:30][MkiqAn6h2vI1Xr0js2rd3np5AqwsDzGN] Processed:  App\Events\ConfirmPosts
[2019-07-16 16:32:34][gURJSK7LZirdy1y4i5fSzNuh8OrKGYuU] Processing: App\Events\ConfirmPosts
[2019-07-16 16:32:35][gURJSK7LZirdy1y4i5fSzNuh8OrKGYuU] Processed:  App\Events\ConfirmPosts
[2019-07-16 16:33:07][jR17bnu6PnVFbt6Rp2T7GxWaBX2UnVKA] Processing: App\Events\ConfirmPosts
[2019-07-16 16:33:08][jR17bnu6PnVFbt6Rp2T7GxWaBX2UnVKA] Processed:  App\Events\ConfirmPosts
[2019-07-16 16:33:20][cHP0JU6NMKrR5zM1il9i8SaqRotoAIsS] Processing: App\Events\ConfirmPosts
[2019-07-16 16:33:21][cHP0JU6NMKrR5zM1il9i8SaqRotoAIsS] Processed:  App\Events\ConfirmPosts
[2019-07-16 16:34:51][dckPkDPb5ww6zY7FE2kXLmrocj44zSKX] Processing: App\Events\ConfirmPosts
[2019-07-16 16:34:51][dckPkDPb5ww6zY7FE2kXLmrocj44zSKX] Processed:  App\Events\ConfirmPosts
[2019-07-16 16:34:56][1eXomwAQSvSMTniAbx16dbd2vttwB8iG] Processing: App\Events\ConfirmPosts
[2019-07-16 16:34:56][1eXomwAQSvSMTniAbx16dbd2vttwB8iG] Processed:  App\Events\ConfirmPosts
[2019-07-16 16:34:59][wsURq5matkLJe4bMvBAow0H9jE4f1zIz] Processing: App\Events\ConfirmPosts
[2019-07-16 16:34:59][wsURq5matkLJe4bMvBAow0H9jE4f1zIz] Processed:  App\Events\ConfirmPosts
[2019-07-16 16:35:00][HtCVppGINlYLNJhPDylDqFE0zpyeQd9v] Processing: App\Events\ConfirmPosts
[2019-07-16 16:35:00][HtCVppGINlYLNJhPDylDqFE0zpyeQd9v] Processed:  App\Events\ConfirmPosts

   Predis\Connection\ConnectionException  : Error while reading line from the server. [tcp://127.0.0.1:6379]

  at /home/vagrant/code/caocanhlinh/vendor/predis/predis/src/Connection/AbstractConnection.php:155
    151|      */
    152|     protected function onConnectionError($message, $code = null)
    153|     {
    154|         CommunicationException::handle(
  > 155|             new ConnectionException($this, static::createExceptionMessage($message), $code)
    156|         );
    157|     }
    158| 
    159|     /**

  Exception trace:

  1   Predis\Connection\AbstractConnection::onConnectionError("Error while reading line from the server.")
      /home/vagrant/code/caocanhlinh/vendor/predis/predis/src/Connection/StreamConnection.php:314

  2   Predis\Connection\StreamConnection::read()
      /home/vagrant/code/caocanhlinh/vendor/predis/predis/src/Connection/AbstractConnection.php:120

  Please use the argument -v to see more details.

   Predis\Connection\ConnectionException  : Error while reading line from the server. [tcp://127.0.0.1:6379]

  at /home/vagrant/code/caocanhlinh/vendor/predis/predis/src/Connection/AbstractConnection.php:155

   Predis\Connection\ConnectionException  : Error while reading line from the server. [tcp://127.0.0.1:6379]

  at /home/vagrant/code/caocanhlinh/vendor/predis/predis/src/Connection/AbstractConnection.php:155

   Predis\Connection\ConnectionException  : Error while reading line from the server. [tcp://127.0.0.1:6379]

  at /home/vagrant/code/caocanhlinh/vendor/predis/predis/src/Connection/AbstractConnection.php:155
    151|      */
    152|     protected function onConnectionError($message, $code = null)
    153|     {
    154|         CommunicationException::handle(
  > 155|             new ConnectionException($this, static::createExceptionMessage($message), $code)
    156|         );
    157|     }
    158| 
    159|     /**
    151|      */
    152|     protected function onConnectionError($message, $code = null)
    153|     {
    154|         CommunicationException::handle(
  > 155|             new ConnectionException($this, static::createExceptionMessage($message), $code)
    156|         );
    157|     }
    158| 
    159|     /**

  Exception trace:

  1   Predis\Connection\AbstractConnection::onConnectionError("Error while reading line from the server.")
      /home/vagrant/code/caocanhlinh/vendor/predis/predis/src/Connection/StreamConnection.php:314

  2   Predis\Connection\StreamConnection::read()
      /home/vagrant/code/caocanhlinh/vendor/predis/predis/src/Connection/AbstractConnection.php:120

  Please use the argument -v to see more details.

  Exception trace:

  1   Predis\Connection\AbstractConnection::onConnectionError("Error while reading line from the server.")
      /home/vagrant/code/caocanhlinh/vendor/predis/predis/src/Connection/StreamConnection.php:314

  2   Predis\Connection\StreamConnection::read()
      /home/vagrant/code/caocanhlinh/vendor/predis/predis/src/Connection/AbstractConnection.php:120

  Please use the argument -v to see more details.
    151|      */
    152|     protected function onConnectionError($message, $code = null)
    153|     {
    154|         CommunicationException::handle(
  > 155|             new ConnectionException($this, static::createExceptionMessage($message), $code)
    156|         );
    157|     }
    158| 
    159|     /**

  Exception trace:

  1   Predis\Connection\AbstractConnection::onConnectionError("Error while reading line from the server.")
      /home/vagrant/code/caocanhlinh/vendor/predis/predis/src/Connection/StreamConnection.php:314

  2   Predis\Connection\StreamConnection::read()
      /home/vagrant/code/caocanhlinh/vendor/predis/predis/src/Connection/AbstractConnection.php:120

  Please use the argument -v to see more details.
[2019-07-16 23:28:06][5ENH2snFN1q6VIOSFvzcCoudE6NXUPdR] Processing: App\Events\ConfirmPosts
[2019-07-16 23:28:12][5ENH2snFN1q6VIOSFvzcCoudE6NXUPdR] Processed:  App\Events\ConfirmPosts
